Determining if the pthread_create exist failed with the following output:
Change Dir: /home/yft/AnShuai/github/CUDA_STUDY/cuda_helloworld/build/CMakeFiles/CMakeTmp

Run Build Command:"/usr/bin/make" "cmTC_bfe2e/fast"
/usr/bin/make -f CMakeFiles/cmTC_bfe2e.dir/build.make CMakeFiles/cmTC_bfe2e.dir/build
make[1]: Entering directory '/home/yft/AnShuai/github/CUDA_STUDY/cuda_helloworld/build/CMakeFiles/CMakeTmp'
Building C object CMakeFiles/cmTC_bfe2e.dir/CheckSymbolExists.c.o
/usr/bin/cc    -fPIC    -o CMakeFiles/cmTC_bfe2e.dir/CheckSymbolExists.c.o   -c /home/yft/AnShuai/github/CUDA_STUDY/cuda_helloworld/build/CMakeFiles/CMakeTmp/CheckSymbolExists.c
Linking C executable cmTC_bfe2e
/usr/bin/cmake -E cmake_link_script CMakeFiles/cmTC_bfe2e.dir/link.txt --verbose=1
/usr/bin/cc  -fPIC     CMakeFiles/cmTC_bfe2e.dir/CheckSymbolExists.c.o  -o cmTC_bfe2e -rdynamic 
CMakeFiles/cmTC_bfe2e.dir/CheckSymbolExists.c.o: In function `main':
CheckSymbolExists.c:(.text+0x1b): undefined reference to `pthread_create'
collect2: error: ld returned 1 exit status
CMakeFiles/cmTC_bfe2e.dir/build.make:97: recipe for target 'cmTC_bfe2e' failed
make[1]: *** [cmTC_bfe2e] Error 1
make[1]: Leaving directory '/home/yft/AnShuai/github/CUDA_STUDY/cuda_helloworld/build/CMakeFiles/CMakeTmp'
Makefile:126: recipe for target 'cmTC_bfe2e/fast' failed
make: *** [cmTC_bfe2e/fast] Error 2

File /home/yft/AnShuai/github/CUDA_STUDY/cuda_helloworld/build/CMakeFiles/CMakeTmp/CheckSymbolExists.c:
/* */
#include <pthread.h>

int main(int argc, char** argv)
{
  (void)argv;
#ifndef pthread_create
  return ((int*)(&pthread_create))[argc];
#else
  (void)argc;
  return 0;
#endif
}

Determining if the function pthread_create exists in the pthreads failed with the following output:
Change Dir: /home/yft/AnShuai/github/CUDA_STUDY/cuda_helloworld/build/CMakeFiles/CMakeTmp

Run Build Command:"/usr/bin/make" "cmTC_262a6/fast"
/usr/bin/make -f CMakeFiles/cmTC_262a6.dir/build.make CMakeFiles/cmTC_262a6.dir/build
make[1]: Entering directory '/home/yft/AnShuai/github/CUDA_STUDY/cuda_helloworld/build/CMakeFiles/CMakeTmp'
Building C object CMakeFiles/cmTC_262a6.dir/CheckFunctionExists.c.o
/usr/bin/cc    -fPIC -DCHECK_FUNCTION_EXISTS=pthread_create   -o CMakeFiles/cmTC_262a6.dir/CheckFunctionExists.c.o   -c /usr/share/cmake-3.5/Modules/CheckFunctionExists.c
Linking C executable cmTC_262a6
/usr/bin/cmake -E cmake_link_script CMakeFiles/cmTC_262a6.dir/link.txt --verbose=1
/usr/bin/cc  -fPIC -DCHECK_FUNCTION_EXISTS=pthread_create    CMakeFiles/cmTC_262a6.dir/CheckFunctionExists.c.o  -o cmTC_262a6 -rdynamic -lpthreads 
/usr/bin/ld: cannot find -lpthreads
collect2: error: ld returned 1 exit status
CMakeFiles/cmTC_262a6.dir/build.make:97: recipe for target 'cmTC_262a6' failed
make[1]: *** [cmTC_262a6] Error 1
make[1]: Leaving directory '/home/yft/AnShuai/github/CUDA_STUDY/cuda_helloworld/build/CMakeFiles/CMakeTmp'
Makefile:126: recipe for target 'cmTC_262a6/fast' failed
make: *** [cmTC_262a6/fast] Error 2


