Determining if the pthread_create exist failed with the following output:
Change Dir: /home/anshuai/yft/November/square/build/CMakeFiles/CMakeTmp

Run Build Command:"/usr/bin/make" "cmTC_aa6fd/fast"
/usr/bin/make -f CMakeFiles/cmTC_aa6fd.dir/build.make CMakeFiles/cmTC_aa6fd.dir/build
make[1]: Entering directory '/home/anshuai/yft/November/square/build/CMakeFiles/CMakeTmp'
Building C object CMakeFiles/cmTC_aa6fd.dir/CheckSymbolExists.c.o
/usr/bin/cc    -fPIC    -o CMakeFiles/cmTC_aa6fd.dir/CheckSymbolExists.c.o   -c /home/anshuai/yft/November/square/build/CMakeFiles/CMakeTmp/CheckSymbolExists.c
Linking C executable cmTC_aa6fd
/usr/bin/cmake -E cmake_link_script CMakeFiles/cmTC_aa6fd.dir/link.txt --verbose=1
/usr/bin/cc  -fPIC     CMakeFiles/cmTC_aa6fd.dir/CheckSymbolExists.c.o  -o cmTC_aa6fd -rdynamic 
CMakeFiles/cmTC_aa6fd.dir/CheckSymbolExists.c.o：在函数‘main’中：
CheckSymbolExists.c:(.text+0x1b)：对‘pthread_create’未定义的引用
collect2: error: ld returned 1 exit status
CMakeFiles/cmTC_aa6fd.dir/build.make:97: recipe for target 'cmTC_aa6fd' failed
make[1]: *** [cmTC_aa6fd] Error 1
make[1]: Leaving directory '/home/anshuai/yft/November/square/build/CMakeFiles/CMakeTmp'
Makefile:126: recipe for target 'cmTC_aa6fd/fast' failed
make: *** [cmTC_aa6fd/fast] Error 2

File /home/anshuai/yft/November/square/build/CMakeFiles/CMakeTmp/CheckSymbolExists.c:
/* */
#include <pthread.h>

int main(int argc, char** argv)
{
  (void)argv;
#ifndef pthread_create
  return ((int*)(&pthread_create))[argc];
#else
  (void)argc;
  return 0;
#endif
}

Determining if the function pthread_create exists in the pthreads failed with the following output:
Change Dir: /home/anshuai/yft/November/square/build/CMakeFiles/CMakeTmp

Run Build Command:"/usr/bin/make" "cmTC_14927/fast"
/usr/bin/make -f CMakeFiles/cmTC_14927.dir/build.make CMakeFiles/cmTC_14927.dir/build
make[1]: Entering directory '/home/anshuai/yft/November/square/build/CMakeFiles/CMakeTmp'
Building C object CMakeFiles/cmTC_14927.dir/CheckFunctionExists.c.o
/usr/bin/cc    -fPIC -DCHECK_FUNCTION_EXISTS=pthread_create   -o CMakeFiles/cmTC_14927.dir/CheckFunctionExists.c.o   -c /usr/share/cmake-3.5/Modules/CheckFunctionExists.c
Linking C executable cmTC_14927
/usr/bin/cmake -E cmake_link_script CMakeFiles/cmTC_14927.dir/link.txt --verbose=1
/usr/bin/cc  -fPIC -DCHECK_FUNCTION_EXISTS=pthread_create    CMakeFiles/cmTC_14927.dir/CheckFunctionExists.c.o  -o cmTC_14927 -rdynamic -lpthreads 
/usr/bin/ld: 找不到 -lpthreads
collect2: error: ld returned 1 exit status
CMakeFiles/cmTC_14927.dir/build.make:97: recipe for target 'cmTC_14927' failed
make[1]: *** [cmTC_14927] Error 1
make[1]: Leaving directory '/home/anshuai/yft/November/square/build/CMakeFiles/CMakeTmp'
Makefile:126: recipe for target 'cmTC_14927/fast' failed
make: *** [cmTC_14927/fast] Error 2


